<?xml version="1.0" encoding="UTF-8"?>
<testsuite xmlns:xsi="http://www.w3.org/2001/XMLSchema-instance" xsi:noNamespaceSchemaLocation="https://maven.apache.org/surefire/maven-surefire-plugin/xsd/surefire-test-report.xsd" name="com.target.demo.TargetApplicationTests" time="5.299" tests="1" errors="0" skipped="0" failures="0">
  <properties>
    <property name="sun.desktop" value="windows"/>
    <property name="awt.toolkit" value="sun.awt.windows.WToolkit"/>
    <property name="file.encoding.pkg" value="sun.io"/>
    <property name="java.specification.version" value="1.8"/>
    <property name="sun.cpu.isalist" value="amd64"/>
    <property name="sun.jnu.encoding" value="Cp1252"/>
    <property name="java.class.path" value="C:\Colt_Workspace\Target\target\test-classes;C:\Colt_Workspace\Target\target\classes;C:\Ubuntu Data\Maven\mavenRepo\org\springframework\boot\spring-boot-starter-actuator\2.0.5.RELEASE\spring-boot-starter-actuator-2.0.5.RELEASE.jar;C:\Ubuntu Data\Maven\mavenRepo\org\springframework\boot\spring-boot-starter\2.0.5.RELEASE\spring-boot-starter-2.0.5.RELEASE.jar;C:\Ubuntu Data\Maven\mavenRepo\org\springframework\boot\spring-boot-starter-logging\2.0.5.RELEASE\spring-boot-starter-logging-2.0.5.RELEASE.jar;C:\Ubuntu Data\Maven\mavenRepo\ch\qos\logback\logback-classic\1.2.3\logback-classic-1.2.3.jar;C:\Ubuntu Data\Maven\mavenRepo\ch\qos\logback\logback-core\1.2.3\logback-core-1.2.3.jar;C:\Ubuntu Data\Maven\mavenRepo\org\apache\logging\log4j\log4j-to-slf4j\2.10.0\log4j-to-slf4j-2.10.0.jar;C:\Ubuntu Data\Maven\mavenRepo\org\apache\logging\log4j\log4j-api\2.10.0\log4j-api-2.10.0.jar;C:\Ubuntu Data\Maven\mavenRepo\org\slf4j\jul-to-slf4j\1.7.25\jul-to-slf4j-1.7.25.jar;C:\Ubuntu Data\Maven\mavenRepo\javax\annotation\javax.annotation-api\1.3.2\javax.annotation-api-1.3.2.jar;C:\Ubuntu Data\Maven\mavenRepo\org\yaml\snakeyaml\1.19\snakeyaml-1.19.jar;C:\Ubuntu Data\Maven\mavenRepo\org\springframework\boot\spring-boot-actuator-autoconfigure\2.0.5.RELEASE\spring-boot-actuator-autoconfigure-2.0.5.RELEASE.jar;C:\Ubuntu Data\Maven\mavenRepo\org\springframework\boot\spring-boot-actuator\2.0.5.RELEASE\spring-boot-actuator-2.0.5.RELEASE.jar;C:\Ubuntu Data\Maven\mavenRepo\com\fasterxml\jackson\core\jackson-databind\2.9.6\jackson-databind-2.9.6.jar;C:\Ubuntu Data\Maven\mavenRepo\com\fasterxml\jackson\core\jackson-annotations\2.9.0\jackson-annotations-2.9.0.jar;C:\Ubuntu Data\Maven\mavenRepo\com\fasterxml\jackson\core\jackson-core\2.9.6\jackson-core-2.9.6.jar;C:\Ubuntu Data\Maven\mavenRepo\org\springframework\spring-context\5.0.9.RELEASE\spring-context-5.0.9.RELEASE.jar;C:\Ubuntu Data\Maven\mavenRepo\com\fasterxml\jackson\datatype\jackson-datatype-jsr310\2.9.6\jackson-datatype-jsr310-2.9.6.jar;C:\Ubuntu Data\Maven\mavenRepo\io\micrometer\micrometer-core\1.0.6\micrometer-core-1.0.6.jar;C:\Ubuntu Data\Maven\mavenRepo\org\hdrhistogram\HdrHistogram\2.1.10\HdrHistogram-2.1.10.jar;C:\Ubuntu Data\Maven\mavenRepo\org\latencyutils\LatencyUtils\2.0.3\LatencyUtils-2.0.3.jar;C:\Ubuntu Data\Maven\mavenRepo\org\springframework\boot\spring-boot-starter-web\2.0.5.RELEASE\spring-boot-starter-web-2.0.5.RELEASE.jar;C:\Ubuntu Data\Maven\mavenRepo\org\springframework\boot\spring-boot-starter-json\2.0.5.RELEASE\spring-boot-starter-json-2.0.5.RELEASE.jar;C:\Ubuntu Data\Maven\mavenRepo\com\fasterxml\jackson\datatype\jackson-datatype-jdk8\2.9.6\jackson-datatype-jdk8-2.9.6.jar;C:\Ubuntu Data\Maven\mavenRepo\com\fasterxml\jackson\module\jackson-module-parameter-names\2.9.6\jackson-module-parameter-names-2.9.6.jar;C:\Ubuntu Data\Maven\mavenRepo\org\springframework\boot\spring-boot-starter-tomcat\2.0.5.RELEASE\spring-boot-starter-tomcat-2.0.5.RELEASE.jar;C:\Ubuntu Data\Maven\mavenRepo\org\apache\tomcat\embed\tomcat-embed-core\8.5.34\tomcat-embed-core-8.5.34.jar;C:\Ubuntu Data\Maven\mavenRepo\org\apache\tomcat\embed\tomcat-embed-el\8.5.34\tomcat-embed-el-8.5.34.jar;C:\Ubuntu Data\Maven\mavenRepo\org\apache\tomcat\embed\tomcat-embed-websocket\8.5.34\tomcat-embed-websocket-8.5.34.jar;C:\Ubuntu Data\Maven\mavenRepo\org\hibernate\validator\hibernate-validator\6.0.12.Final\hibernate-validator-6.0.12.Final.jar;C:\Ubuntu Data\Maven\mavenRepo\javax\validation\validation-api\2.0.1.Final\validation-api-2.0.1.Final.jar;C:\Ubuntu Data\Maven\mavenRepo\org\jboss\logging\jboss-logging\3.3.2.Final\jboss-logging-3.3.2.Final.jar;C:\Ubuntu Data\Maven\mavenRepo\com\fasterxml\classmate\1.3.4\classmate-1.3.4.jar;C:\Ubuntu Data\Maven\mavenRepo\org\springframework\spring-web\5.0.9.RELEASE\spring-web-5.0.9.RELEASE.jar;C:\Ubuntu Data\Maven\mavenRepo\org\springframework\spring-beans\5.0.9.RELEASE\spring-beans-5.0.9.RELEASE.jar;C:\Ubuntu Data\Maven\mavenRepo\org\springframework\spring-webmvc\5.0.9.RELEASE\spring-webmvc-5.0.9.RELEASE.jar;C:\Ubuntu Data\Maven\mavenRepo\org\springframework\spring-aop\5.0.9.RELEASE\spring-aop-5.0.9.RELEASE.jar;C:\Ubuntu Data\Maven\mavenRepo\org\springframework\spring-expression\5.0.9.RELEASE\spring-expression-5.0.9.RELEASE.jar;C:\Ubuntu Data\Maven\mavenRepo\org\springframework\boot\spring-boot-devtools\2.0.5.RELEASE\spring-boot-devtools-2.0.5.RELEASE.jar;C:\Ubuntu Data\Maven\mavenRepo\org\springframework\boot\spring-boot\2.0.5.RELEASE\spring-boot-2.0.5.RELEASE.jar;C:\Ubuntu Data\Maven\mavenRepo\org\springframework\boot\spring-boot-autoconfigure\2.0.5.RELEASE\spring-boot-autoconfigure-2.0.5.RELEASE.jar;C:\Ubuntu Data\Maven\mavenRepo\org\springframework\boot\spring-boot-starter-test\2.0.5.RELEASE\spring-boot-starter-test-2.0.5.RELEASE.jar;C:\Ubuntu Data\Maven\mavenRepo\org\springframework\boot\spring-boot-test\2.0.5.RELEASE\spring-boot-test-2.0.5.RELEASE.jar;C:\Ubuntu Data\Maven\mavenRepo\org\springframework\boot\spring-boot-test-autoconfigure\2.0.5.RELEASE\spring-boot-test-autoconfigure-2.0.5.RELEASE.jar;C:\Ubuntu Data\Maven\mavenRepo\com\jayway\jsonpath\json-path\2.4.0\json-path-2.4.0.jar;C:\Ubuntu Data\Maven\mavenRepo\net\minidev\json-smart\2.3\json-smart-2.3.jar;C:\Ubuntu Data\Maven\mavenRepo\net\minidev\accessors-smart\1.2\accessors-smart-1.2.jar;C:\Ubuntu Data\Maven\mavenRepo\org\ow2\asm\asm\5.0.4\asm-5.0.4.jar;C:\Ubuntu Data\Maven\mavenRepo\org\slf4j\slf4j-api\1.7.25\slf4j-api-1.7.25.jar;C:\Ubuntu Data\Maven\mavenRepo\junit\junit\4.12\junit-4.12.jar;C:\Ubuntu Data\Maven\mavenRepo\org\assertj\assertj-core\3.9.1\assertj-core-3.9.1.jar;C:\Ubuntu Data\Maven\mavenRepo\org\mockito\mockito-core\2.15.0\mockito-core-2.15.0.jar;C:\Ubuntu Data\Maven\mavenRepo\net\bytebuddy\byte-buddy\1.7.11\byte-buddy-1.7.11.jar;C:\Ubuntu Data\Maven\mavenRepo\net\bytebuddy\byte-buddy-agent\1.7.11\byte-buddy-agent-1.7.11.jar;C:\Ubuntu Data\Maven\mavenRepo\org\objenesis\objenesis\2.6\objenesis-2.6.jar;C:\Ubuntu Data\Maven\mavenRepo\org\hamcrest\hamcrest-core\1.3\hamcrest-core-1.3.jar;C:\Ubuntu Data\Maven\mavenRepo\org\hamcrest\hamcrest-library\1.3\hamcrest-library-1.3.jar;C:\Ubuntu Data\Maven\mavenRepo\org\skyscreamer\jsonassert\1.5.0\jsonassert-1.5.0.jar;C:\Ubuntu Data\Maven\mavenRepo\com\vaadin\external\google\android-json\0.0.20131108.vaadin1\android-json-0.0.20131108.vaadin1.jar;C:\Ubuntu Data\Maven\mavenRepo\org\springframework\spring-core\5.0.9.RELEASE\spring-core-5.0.9.RELEASE.jar;C:\Ubuntu Data\Maven\mavenRepo\org\springframework\spring-jcl\5.0.9.RELEASE\spring-jcl-5.0.9.RELEASE.jar;C:\Ubuntu Data\Maven\mavenRepo\org\springframework\spring-test\5.0.9.RELEASE\spring-test-5.0.9.RELEASE.jar;C:\Ubuntu Data\Maven\mavenRepo\org\xmlunit\xmlunit-core\2.5.1\xmlunit-core-2.5.1.jar;C:\Ubuntu Data\Maven\mavenRepo\org\codehaus\jackson\jackson-mapper-asl\1.9.10\jackson-mapper-asl-1.9.10.jar;C:\Ubuntu Data\Maven\mavenRepo\org\codehaus\jackson\jackson-core-asl\1.9.10\jackson-core-asl-1.9.10.jar;"/>
    <property name="java.vm.vendor" value="Oracle Corporation"/>
    <property name="sun.arch.data.model" value="64"/>
    <property name="user.variant" value=""/>
    <property name="java.vendor.url" value="http://java.oracle.com/"/>
    <property name="user.timezone" value=""/>
    <property name="java.vm.specification.version" value="1.8"/>
    <property name="os.name" value="Windows 10"/>
    <property name="user.country" value="US"/>
    <property name="sun.java.launcher" value="SUN_STANDARD"/>
    <property name="sun.boot.library.path" value="C:\Program Files\Java\jdk1.8.0_144\jre\bin"/>
    <property name="sun.java.command" value="C:\Users\asinha5\AppData\Local\Temp\surefire5305669239837708038\surefirebooter5081044529255322105.jar C:\Users\asinha5\AppData\Local\Temp\surefire5305669239837708038 2018-09-14T08-12-07_604-jvmRun1 surefire6248769729023630071tmp surefire_06184456908686838766tmp"/>
    <property name="surefire.test.class.path" value="C:\Colt_Workspace\Target\target\test-classes;C:\Colt_Workspace\Target\target\classes;C:\Ubuntu Data\Maven\mavenRepo\org\springframework\boot\spring-boot-starter-actuator\2.0.5.RELEASE\spring-boot-starter-actuator-2.0.5.RELEASE.jar;C:\Ubuntu Data\Maven\mavenRepo\org\springframework\boot\spring-boot-starter\2.0.5.RELEASE\spring-boot-starter-2.0.5.RELEASE.jar;C:\Ubuntu Data\Maven\mavenRepo\org\springframework\boot\spring-boot-starter-logging\2.0.5.RELEASE\spring-boot-starter-logging-2.0.5.RELEASE.jar;C:\Ubuntu Data\Maven\mavenRepo\ch\qos\logback\logback-classic\1.2.3\logback-classic-1.2.3.jar;C:\Ubuntu Data\Maven\mavenRepo\ch\qos\logback\logback-core\1.2.3\logback-core-1.2.3.jar;C:\Ubuntu Data\Maven\mavenRepo\org\apache\logging\log4j\log4j-to-slf4j\2.10.0\log4j-to-slf4j-2.10.0.jar;C:\Ubuntu Data\Maven\mavenRepo\org\apache\logging\log4j\log4j-api\2.10.0\log4j-api-2.10.0.jar;C:\Ubuntu Data\Maven\mavenRepo\org\slf4j\jul-to-slf4j\1.7.25\jul-to-slf4j-1.7.25.jar;C:\Ubuntu Data\Maven\mavenRepo\javax\annotation\javax.annotation-api\1.3.2\javax.annotation-api-1.3.2.jar;C:\Ubuntu Data\Maven\mavenRepo\org\yaml\snakeyaml\1.19\snakeyaml-1.19.jar;C:\Ubuntu Data\Maven\mavenRepo\org\springframework\boot\spring-boot-actuator-autoconfigure\2.0.5.RELEASE\spring-boot-actuator-autoconfigure-2.0.5.RELEASE.jar;C:\Ubuntu Data\Maven\mavenRepo\org\springframework\boot\spring-boot-actuator\2.0.5.RELEASE\spring-boot-actuator-2.0.5.RELEASE.jar;C:\Ubuntu Data\Maven\mavenRepo\com\fasterxml\jackson\core\jackson-databind\2.9.6\jackson-databind-2.9.6.jar;C:\Ubuntu Data\Maven\mavenRepo\com\fasterxml\jackson\core\jackson-annotations\2.9.0\jackson-annotations-2.9.0.jar;C:\Ubuntu Data\Maven\mavenRepo\com\fasterxml\jackson\core\jackson-core\2.9.6\jackson-core-2.9.6.jar;C:\Ubuntu Data\Maven\mavenRepo\org\springframework\spring-context\5.0.9.RELEASE\spring-context-5.0.9.RELEASE.jar;C:\Ubuntu Data\Maven\mavenRepo\com\fasterxml\jackson\datatype\jackson-datatype-jsr310\2.9.6\jackson-datatype-jsr310-2.9.6.jar;C:\Ubuntu Data\Maven\mavenRepo\io\micrometer\micrometer-core\1.0.6\micrometer-core-1.0.6.jar;C:\Ubuntu Data\Maven\mavenRepo\org\hdrhistogram\HdrHistogram\2.1.10\HdrHistogram-2.1.10.jar;C:\Ubuntu Data\Maven\mavenRepo\org\latencyutils\LatencyUtils\2.0.3\LatencyUtils-2.0.3.jar;C:\Ubuntu Data\Maven\mavenRepo\org\springframework\boot\spring-boot-starter-web\2.0.5.RELEASE\spring-boot-starter-web-2.0.5.RELEASE.jar;C:\Ubuntu Data\Maven\mavenRepo\org\springframework\boot\spring-boot-starter-json\2.0.5.RELEASE\spring-boot-starter-json-2.0.5.RELEASE.jar;C:\Ubuntu Data\Maven\mavenRepo\com\fasterxml\jackson\datatype\jackson-datatype-jdk8\2.9.6\jackson-datatype-jdk8-2.9.6.jar;C:\Ubuntu Data\Maven\mavenRepo\com\fasterxml\jackson\module\jackson-module-parameter-names\2.9.6\jackson-module-parameter-names-2.9.6.jar;C:\Ubuntu Data\Maven\mavenRepo\org\springframework\boot\spring-boot-starter-tomcat\2.0.5.RELEASE\spring-boot-starter-tomcat-2.0.5.RELEASE.jar;C:\Ubuntu Data\Maven\mavenRepo\org\apache\tomcat\embed\tomcat-embed-core\8.5.34\tomcat-embed-core-8.5.34.jar;C:\Ubuntu Data\Maven\mavenRepo\org\apache\tomcat\embed\tomcat-embed-el\8.5.34\tomcat-embed-el-8.5.34.jar;C:\Ubuntu Data\Maven\mavenRepo\org\apache\tomcat\embed\tomcat-embed-websocket\8.5.34\tomcat-embed-websocket-8.5.34.jar;C:\Ubuntu Data\Maven\mavenRepo\org\hibernate\validator\hibernate-validator\6.0.12.Final\hibernate-validator-6.0.12.Final.jar;C:\Ubuntu Data\Maven\mavenRepo\javax\validation\validation-api\2.0.1.Final\validation-api-2.0.1.Final.jar;C:\Ubuntu Data\Maven\mavenRepo\org\jboss\logging\jboss-logging\3.3.2.Final\jboss-logging-3.3.2.Final.jar;C:\Ubuntu Data\Maven\mavenRepo\com\fasterxml\classmate\1.3.4\classmate-1.3.4.jar;C:\Ubuntu Data\Maven\mavenRepo\org\springframework\spring-web\5.0.9.RELEASE\spring-web-5.0.9.RELEASE.jar;C:\Ubuntu Data\Maven\mavenRepo\org\springframework\spring-beans\5.0.9.RELEASE\spring-beans-5.0.9.RELEASE.jar;C:\Ubuntu Data\Maven\mavenRepo\org\springframework\spring-webmvc\5.0.9.RELEASE\spring-webmvc-5.0.9.RELEASE.jar;C:\Ubuntu Data\Maven\mavenRepo\org\springframework\spring-aop\5.0.9.RELEASE\spring-aop-5.0.9.RELEASE.jar;C:\Ubuntu Data\Maven\mavenRepo\org\springframework\spring-expression\5.0.9.RELEASE\spring-expression-5.0.9.RELEASE.jar;C:\Ubuntu Data\Maven\mavenRepo\org\springframework\boot\spring-boot-devtools\2.0.5.RELEASE\spring-boot-devtools-2.0.5.RELEASE.jar;C:\Ubuntu Data\Maven\mavenRepo\org\springframework\boot\spring-boot\2.0.5.RELEASE\spring-boot-2.0.5.RELEASE.jar;C:\Ubuntu Data\Maven\mavenRepo\org\springframework\boot\spring-boot-autoconfigure\2.0.5.RELEASE\spring-boot-autoconfigure-2.0.5.RELEASE.jar;C:\Ubuntu Data\Maven\mavenRepo\org\springframework\boot\spring-boot-starter-test\2.0.5.RELEASE\spring-boot-starter-test-2.0.5.RELEASE.jar;C:\Ubuntu Data\Maven\mavenRepo\org\springframework\boot\spring-boot-test\2.0.5.RELEASE\spring-boot-test-2.0.5.RELEASE.jar;C:\Ubuntu Data\Maven\mavenRepo\org\springframework\boot\spring-boot-test-autoconfigure\2.0.5.RELEASE\spring-boot-test-autoconfigure-2.0.5.RELEASE.jar;C:\Ubuntu Data\Maven\mavenRepo\com\jayway\jsonpath\json-path\2.4.0\json-path-2.4.0.jar;C:\Ubuntu Data\Maven\mavenRepo\net\minidev\json-smart\2.3\json-smart-2.3.jar;C:\Ubuntu Data\Maven\mavenRepo\net\minidev\accessors-smart\1.2\accessors-smart-1.2.jar;C:\Ubuntu Data\Maven\mavenRepo\org\ow2\asm\asm\5.0.4\asm-5.0.4.jar;C:\Ubuntu Data\Maven\mavenRepo\org\slf4j\slf4j-api\1.7.25\slf4j-api-1.7.25.jar;C:\Ubuntu Data\Maven\mavenRepo\junit\junit\4.12\junit-4.12.jar;C:\Ubuntu Data\Maven\mavenRepo\org\assertj\assertj-core\3.9.1\assertj-core-3.9.1.jar;C:\Ubuntu Data\Maven\mavenRepo\org\mockito\mockito-core\2.15.0\mockito-core-2.15.0.jar;C:\Ubuntu Data\Maven\mavenRepo\net\bytebuddy\byte-buddy\1.7.11\byte-buddy-1.7.11.jar;C:\Ubuntu Data\Maven\mavenRepo\net\bytebuddy\byte-buddy-agent\1.7.11\byte-buddy-agent-1.7.11.jar;C:\Ubuntu Data\Maven\mavenRepo\org\objenesis\objenesis\2.6\objenesis-2.6.jar;C:\Ubuntu Data\Maven\mavenRepo\org\hamcrest\hamcrest-core\1.3\hamcrest-core-1.3.jar;C:\Ubuntu Data\Maven\mavenRepo\org\hamcrest\hamcrest-library\1.3\hamcrest-library-1.3.jar;C:\Ubuntu Data\Maven\mavenRepo\org\skyscreamer\jsonassert\1.5.0\jsonassert-1.5.0.jar;C:\Ubuntu Data\Maven\mavenRepo\com\vaadin\external\google\android-json\0.0.20131108.vaadin1\android-json-0.0.20131108.vaadin1.jar;C:\Ubuntu Data\Maven\mavenRepo\org\springframework\spring-core\5.0.9.RELEASE\spring-core-5.0.9.RELEASE.jar;C:\Ubuntu Data\Maven\mavenRepo\org\springframework\spring-jcl\5.0.9.RELEASE\spring-jcl-5.0.9.RELEASE.jar;C:\Ubuntu Data\Maven\mavenRepo\org\springframework\spring-test\5.0.9.RELEASE\spring-test-5.0.9.RELEASE.jar;C:\Ubuntu Data\Maven\mavenRepo\org\xmlunit\xmlunit-core\2.5.1\xmlunit-core-2.5.1.jar;C:\Ubuntu Data\Maven\mavenRepo\org\codehaus\jackson\jackson-mapper-asl\1.9.10\jackson-mapper-asl-1.9.10.jar;C:\Ubuntu Data\Maven\mavenRepo\org\codehaus\jackson\jackson-core-asl\1.9.10\jackson-core-asl-1.9.10.jar;"/>
    <property name="sun.cpu.endian" value="little"/>
    <property name="user.home" value="C:\Users\asinha5"/>
    <property name="user.language" value="en"/>
    <property name="java.specification.vendor" value="Oracle Corporation"/>
    <property name="java.home" value="C:\Program Files\Java\jdk1.8.0_144\jre"/>
    <property name="basedir" value="C:\Colt_Workspace\Target"/>
    <property name="file.separator" value="\"/>
    <property name="line.separator" value="&#10;"/>
    <property name="java.vm.specification.vendor" value="Oracle Corporation"/>
    <property name="java.specification.name" value="Java Platform API Specification"/>
    <property name="java.awt.graphicsenv" value="sun.awt.Win32GraphicsEnvironment"/>
    <property name="surefire.real.class.path" value="C:\Users\asinha5\AppData\Local\Temp\surefire5305669239837708038\surefirebooter5081044529255322105.jar"/>
    <property name="sun.boot.class.path" value="C:\Program Files\Java\jdk1.8.0_144\jre\lib\resources.jar;C:\Program Files\Java\jdk1.8.0_144\jre\lib\rt.jar;C:\Program Files\Java\jdk1.8.0_144\jre\lib\sunrsasign.jar;C:\Program Files\Java\jdk1.8.0_144\jre\lib\jsse.jar;C:\Program Files\Java\jdk1.8.0_144\jre\lib\jce.jar;C:\Program Files\Java\jdk1.8.0_144\jre\lib\charsets.jar;C:\Program Files\Java\jdk1.8.0_144\jre\lib\jfr.jar;C:\Program Files\Java\jdk1.8.0_144\jre\classes"/>
    <property name="user.script" value=""/>
    <property name="sun.management.compiler" value="HotSpot 64-Bit Tiered Compilers"/>
    <property name="java.runtime.version" value="1.8.0_144-b01"/>
    <property name="user.name" value="ASinha5"/>
    <property name="path.separator" value=";"/>
    <property name="os.version" value="10.0"/>
    <property name="java.endorsed.dirs" value="C:\Program Files\Java\jdk1.8.0_144\jre\lib\endorsed"/>
    <property name="java.runtime.name" value="Java(TM) SE Runtime Environment"/>
    <property name="file.encoding" value="Cp1252"/>
    <property name="java.vm.name" value="Java HotSpot(TM) 64-Bit Server VM"/>
    <property name="localRepository" value="C:\Ubuntu Data\Maven\mavenRepo"/>
    <property name="java.vendor.url.bug" value="http://bugreport.sun.com/bugreport/"/>
    <property name="java.io.tmpdir" value="C:\Users\asinha5\AppData\Local\Temp\"/>
    <property name="java.version" value="1.8.0_144"/>
    <property name="user.dir" value="C:\Colt_Workspace\Target"/>
    <property name="os.arch" value="amd64"/>
    <property name="java.vm.specification.name" value="Java Virtual Machine Specification"/>
    <property name="java.awt.printerjob" value="sun.awt.windows.WPrinterJob"/>
    <property name="sun.os.patch.level" value=""/>
    <property name="java.library.path" value="C:\Program Files\Java\jdk1.8.0_144\jre\bin;C:\WINDOWS\Sun\Java\bin;C:\WINDOWS\system32;C:\WINDOWS;C:/Program Files/Java/jre1.8.0_144/bin/server;C:/Program Files/Java/jre1.8.0_144/bin;C:/Program Files/Java/jre1.8.0_144/lib/amd64;C:\ProgramData\Oracle\Java\javapath;C:\WINDOWS\system32;C:\WINDOWS;C:\WINDOWS\System32\Wbem;C:\WINDOWS\System32\WindowsPowerShell\v1.0\;C:\Program Files (x86)\Enterprise Vault\EVClient\;C:\Program Files\Java\jdk1.8.0_144\bin;C:\Users\asinha5\Desktop\Software\apache-maven-3.5.0-bin\apache-maven-3.5.0\bin;C:\Program Files\TortoiseSVN\bin;C:\Program Files\Java\jdk1.8.0_144\bin;C:\Users\asinha5\AppData\Local\atom\bin;C:\Users\asinha5\Desktop\Software\eclipse-jee-oxygen-R-win32-x86_64\eclipse;;."/>
    <property name="java.vm.info" value="mixed mode"/>
    <property name="java.vendor" value="Oracle Corporation"/>
    <property name="java.vm.version" value="25.144-b01"/>
    <property name="java.ext.dirs" value="C:\Program Files\Java\jdk1.8.0_144\jre\lib\ext;C:\WINDOWS\Sun\Java\lib\ext"/>
    <property name="sun.io.unicode.encoding" value="UnicodeLittle"/>
    <property name="java.class.version" value="52.0"/>
  </properties>
  <testcase name="contextLoads" classname="com.target.demo.TargetApplicationTests" time="0.158"/>
</testsuite>